<?xml version="1.0" encoding="UTF-8"?>
<!-- Generated by org.testng.reporters.JUnitXMLReporter -->
<testsuite ignored="0" hostname="DESKTOP-K1R7T5H" failures="1" tests="4" name="Error Validation Test" time="14.26" errors="0" timestamp="2025-01-21T20:46:48 IST">
  <testcase classname="tr_technologies.Tests.ErrorValidationsTest" name="LoginErrorValidation" time="0.705">
    <skipped/>
  </testcase> <!-- LoginErrorValidation -->
  <testcase classname="tr_technologies.Tests.ErrorValidationsTest" name="LoginErrorValidation" time="0.998">
    <skipped/>
  </testcase> <!-- LoginErrorValidation -->
  <testcase classname="tr_technologies.Tests.ErrorValidationsTest" name="LoginErrorValidation" time="0.508">
    <failure type="java.lang.AssertionError" message="expected [Incorrect email or password.] but found [Incorrect email password.]">
      <![CDATA[java.lang.AssertionError: expected [Incorrect email or password.] but found [Incorrect email password.]
at tr_technologies.Tests.ErrorValidationsTest.LoginErrorValidation(ErrorValidationsTest.java:22)
at java.base/java.util.ArrayList.forEach(ArrayList.java:1596)
at java.base/java.util.concurrent.FutureTask.run(FutureTask.java:317)
at java.base/java.util.concurrent.ThreadPoolExecutor.runWorker(ThreadPoolExecutor.java:1144)
at java.base/java.util.concurrent.ThreadPoolExecutor$Worker.run(ThreadPoolExecutor.java:642)
at java.base/java.lang.Thread.run(Thread.java:1583)
... Removed 22 stack frames]]>
    </failure>
  </testcase> <!-- LoginErrorValidation -->
  <testcase classname="tr_technologies.Tests.ErrorValidationsTest" name="ProductErrorValidation" time="2.293"/>
</testsuite> <!-- Error Validation Test -->
